
Cadence Tempus(TM) Timing Signoff Solution.
Copyright 2020 Cadence Design Systems, Inc. All rights reserved worldwide.

Version:	v20.20-p001_1, built Wed Dec 2 16:07:28 PST 2020
Options:	
Date:		Fri Apr  4 16:15:59 2025
Host:		APL3.kletech.ac.in (x86_64 w/Linux 4.18.0-425.3.1.el8.x86_64) (6cores*12cpus*12th Gen Intel(R) Core(TM) i5-12500 18432KB)
OS:		Red Hat Enterprise Linux release 8.10 (Ootpa)

License:
		tpsxl	Tempus Timing Signoff Solution XL	20.2	checkout succeeded
		16 CPU jobs allowed with the current license(s). Use set_multi_cpu_usage to set your required CPU count.
Change the soft stacksize limit to 0.2%RAM (63 mbytes). Set global soft_stack_size_limit to change the value.
environment variable TMPDIR is '/tmp/ssv_tmpdir_299224_yjqQEh'.
<CMD> read_lib ../../NangateOpenCellLibrary_slow_conditional_ccs.lib
<CMD> read_lib -lef ../../NANOCL.lef
<CMD> read_verilog ../../momal_route.v
<CMD> set_top_module
#% Begin Load MMMC data ... (date=04/04 16:16:58, mem=713.1M)
Number of views requested 1 are allowed with the current licenses... continuing with set_analysis_view.
#% End Load MMMC data ... (date=04/04 16:16:58, total cpu=0:00:00.0, real=0:00:00.0, peak res=713.1M, current mem=713.1M)
default_emulate_early_rc_corner default_emulate_late_rc_corner default_emulate_rc_corner

Loading LEF file ../../NANOCL.lef ...
Set DBUPerIGU to M2 pitch 380.

viaInitial starts at Fri Apr  4 16:16:58 2025
viaInitial ends at Fri Apr  4 16:16:58 2025

##  Check design process and node:  
##  Both design process and tech node are not set.

Loading view definition file from .ssv_emulate_view_definition_299224.tcl
Reading default_emulate_libset_max timing library '/home/01fe21bec086/Documents/momal/NangateOpenCellLibrary_slow_conditional_ccs.lib' ...
Read 134 cells in library 'NangateOpenCellLibrary' 
*** End library_loading (cpu=0.01min, real=0.02min, mem=36.0M, fe_cpu=0.16min, fe_real=1.00min, fe_mem=764.5M) ***
#% Begin Load netlist data ... (date=04/04 16:16:59, mem=765.4M)
*** Begin netlist parsing (mem=764.5M) ***
**WARN: (IMPVL-159):	Pin 'VDD' of cell 'XOR2_X2' is defined in LEF but not in the timing library.
**WARN: (IMPVL-159):	Pin 'VSS' of cell 'XOR2_X2' is defined in LEF but not in the timing library.
**WARN: (IMPVL-159):	Pin 'VDD' of cell 'XOR2_X1' is defined in LEF but not in the timing library.
**WARN: (IMPVL-159):	Pin 'VSS' of cell 'XOR2_X1' is defined in LEF but not in the timing library.
**WARN: (IMPVL-159):	Pin 'VDD' of cell 'XNOR2_X2' is defined in LEF but not in the timing library.
**WARN: (IMPVL-159):	Pin 'VSS' of cell 'XNOR2_X2' is defined in LEF but not in the timing library.
**WARN: (IMPVL-159):	Pin 'VDD' of cell 'XNOR2_X1' is defined in LEF but not in the timing library.
**WARN: (IMPVL-159):	Pin 'VSS' of cell 'XNOR2_X1' is defined in LEF but not in the timing library.
**WARN: (IMPVL-159):	Pin 'VDD' of cell 'TLAT_X1' is defined in LEF but not in the timing library.
**WARN: (IMPVL-159):	Pin 'VSS' of cell 'TLAT_X1' is defined in LEF but not in the timing library.
**WARN: (IMPVL-159):	Pin 'VDD' of cell 'TINV_X1' is defined in LEF but not in the timing library.
**WARN: (IMPVL-159):	Pin 'VSS' of cell 'TINV_X1' is defined in LEF but not in the timing library.
**WARN: (IMPVL-159):	Pin 'VDD' of cell 'TBUF_X8' is defined in LEF but not in the timing library.
**WARN: (IMPVL-159):	Pin 'VSS' of cell 'TBUF_X8' is defined in LEF but not in the timing library.
**WARN: (IMPVL-159):	Pin 'VDD' of cell 'TBUF_X4' is defined in LEF but not in the timing library.
**WARN: (IMPVL-159):	Pin 'VSS' of cell 'TBUF_X4' is defined in LEF but not in the timing library.
**WARN: (IMPVL-159):	Pin 'VDD' of cell 'TBUF_X2' is defined in LEF but not in the timing library.
**WARN: (IMPVL-159):	Pin 'VSS' of cell 'TBUF_X2' is defined in LEF but not in the timing library.
**WARN: (IMPVL-159):	Pin 'VDD' of cell 'TBUF_X16' is defined in LEF but not in the timing library.
**WARN: (IMPVL-159):	Pin 'VSS' of cell 'TBUF_X16' is defined in LEF but not in the timing library.
**WARN: (EMS-62):	Message <IMPVL-159> has exceeded the default message display limit of 20.
To avoid this warning, increase the display limit per unique message by
using the set_message -limit <number> command.
The message limit can be removed by using the set_message -no_limit command.
Note that setting a very large number using the set_message -limit command
or removing the message limit using the set_message -no_limit command can
significantly increase the log file size.
To suppress a message, use the set_message -suppress command.
Reading verilog netlist '../../momal_route.v'

*** Memory Usage v#1 (Current mem = 916.555M, initial mem = 299.730M) ***
*** End netlist parsing (cpu=0:00:00.3, real=0:00:00.0, mem=916.6M) ***
#% End Load netlist data ... (date=04/04 16:16:59, total cpu=0:00:00.5, real=0:00:00.0, peak res=886.7M, current mem=864.4M)
Top level cell is momal.
Starting consistency checks on late and early library sets of delay corner 'default_emulate_delay_corner'
late library set: default_emulate_libset_max
early library set: default_emulate_libset_min
Completed consistency checks. Status: Successful
Starting consistency checks on late and early library sets of delay corner 'default_emulate_delay_corner'
late library set: default_emulate_libset_max
early library set: default_emulate_libset_min
Completed consistency checks. Status: Successful
Building hierarchical netlist for Cell momal ...
*** Netlist is unique.
** info: there are 135 modules.
** info: there are 70127 stdCell insts.

*** Memory Usage v#1 (Current mem = 1150.586M, initial mem = 299.730M) ***
Generated pitch 1.68 in metal10 is different from 1.6 defined in technology file in preferred direction.
Generated pitch 0.84 in metal9 is different from 1.6 defined in technology file in unpreferred direction.
Generated pitch 0.84 in metal8 is different from 0.8 defined in technology file in unpreferred direction.
Generated pitch 0.84 in metal8 is different from 0.8 defined in technology file in preferred direction.
Generated pitch 0.28 in metal7 is different from 0.8 defined in technology file in unpreferred direction.
Generated pitch 0.84 in metal7 is different from 0.8 defined in technology file in preferred direction.
Generated pitch 0.14 in metal4 is different from 0.28 defined in technology file in unpreferred direction.
Set Default Net Delay as 1000 ps.
Set Default Net Load as 0.5 pF. 
Set Default Input Pin Transition as 0.1 ps.
/dev/null
Extraction setup Started 
Summary of Active RC-Corners : 
 
 Analysis View: default_emulate_view
    RC-Corner Name        : default_emulate_rc_corner
    RC-Corner Index       : 0
    RC-Corner Temperature : 25 Celsius
    RC-Corner Cap Table   : ''
    RC-Corner PostRoute Res Factor        : 1
    RC-Corner PostRoute Cap Factor        : 1
    RC-Corner PostRoute XCap Factor       : 1
Initializing multi-corner resistance tables ...
Starting consistency checks on late and early library sets of delay corner 'default_emulate_delay_corner'
late library set: default_emulate_libset_max
early library set: default_emulate_libset_min
Completed consistency checks. Status: Successful
Reading timing constraints file '/dev/null' ...
Current (total cpu=0:00:10.4, real=0:01:01, peak res=1387.7M, current mem=1387.7M)
Total number of combinational cells: 99
Total number of sequential cells: 29
Total number of tristate cells: 6
Total number of level shifter cells: 0
Total number of power gating cells: 0
Total number of isolation cells: 0
Total number of power switch cells: 0
Total number of pulse generator cells: 0
Total number of always on buffers: 0
Total number of retention cells: 0
List of usable buffers: BUF_X2 BUF_X1 BUF_X4 BUF_X8 CLKBUF_X1 CLKBUF_X3 CLKBUF_X2
Total number of usable buffers: 7
List of unusable buffers:
Total number of unusable buffers: 0
List of usable inverters: INV_X2 INV_X1 INV_X16 INV_X32 INV_X4 INV_X8
Total number of usable inverters: 6
List of unusable inverters:
Total number of unusable inverters: 0
List of identified usable delay cells: BUF_X16 BUF_X32
Total number of identified usable delay cells: 2
List of identified unusable delay cells:
Total number of identified unusable delay cells: 0
default_emulate_constraint_mode
Extraction setup Started 
Summary of Active RC-Corners : 
 
 Analysis View: default_emulate_view
    RC-Corner Name        : default_emulate_rc_corner
    RC-Corner Index       : 0
    RC-Corner Temperature : 125 Celsius
    RC-Corner Cap Table   : ''
    RC-Corner PostRoute Res Factor        : 1
    RC-Corner PostRoute Cap Factor        : 1
    RC-Corner PostRoute XCap Factor       : 1
Initializing multi-corner resistance tables ...
Extraction setup Started 
Summary of Active RC-Corners : 
 
 Analysis View: default_emulate_view
    RC-Corner Name        : default_emulate_rc_corner
    RC-Corner Index       : 0
    RC-Corner Temperature : 125 Celsius
    RC-Corner Cap Table   : ''
    RC-Corner PostRoute Res Factor        : 1
    RC-Corner PostRoute Cap Factor        : 1
    RC-Corner PostRoute XCap Factor       : 1
Initializing multi-corner resistance tables ...
Extraction setup Started 
Summary of Active RC-Corners : 
 
 Analysis View: default_emulate_view
    RC-Corner Name        : default_emulate_rc_corner
    RC-Corner Index       : 0
    RC-Corner Temperature : 125 Celsius
    RC-Corner Cap Table   : ''
    RC-Corner PostRoute Res Factor        : 1
    RC-Corner PostRoute Cap Factor        : 1
    RC-Corner PostRoute XCap Factor       : 1
Initializing multi-corner resistance tables ...
default_emulate_libset_max default_emulate_libset_min
<CMD> read_def ../../momal_scan_def.def
Reading DEF file '../../momal_scan_def.def', current time is Fri Apr  4 16:17:00 2025 ...
--- DIVIDERCHAR '/'
**WARN: (IMPDF-64):	UnitsPerDBU is not unity (you may have rounding problems).
--- UnitsPerDBU = 0.5000
defIn read 10000 lines...
DEF file '../../momal_scan_def.def' is parsed, current time is Fri Apr  4 16:17:00 2025.
*** Scan Trace Summary (runtime: cpu: 0:00:00.0 , real: 0:00:00.0): 
Successfully traced 75 scan chains (total 14554 scan bits).
Start applying DEF ordered sections ...
**WARN: (IMPSC-1138):	In scan chain "chain1_sub0" DEF ordered section, buffers or logics following scan instance "tiki_U126_reg_7" are corrected to match the netlist.
**WARN: (IMPSC-1138):	In scan chain "chain1_sub0" DEF ordered section, buffers or logics following scan instance "U32_reg_201" are corrected to match the netlist.
**WARN: (IMPSC-1138):	In scan chain "chain1_sub0" DEF ordered section, buffers or logics following scan instance "tiki_U56_reg_19" are corrected to match the netlist.
**WARN: (IMPSC-1138):	In scan chain "chain1_sub0" DEF ordered section, buffers or logics following scan instance "U19_reg_11" are corrected to match the netlist.
**WARN: (IMPSC-1138):	In scan chain "chain1_sub0" DEF ordered section, buffers or logics following scan instance "U19_reg_63" are corrected to match the netlist.
**WARN: (IMPSC-1138):	In scan chain "chain1_sub0" DEF ordered section, buffers or logics following scan instance "tiki_U37_reg_238" are corrected to match the netlist.
**WARN: (IMPSC-1138):	In scan chain "chain1_sub0" DEF ordered section, buffers or logics following scan instance "tiki_U37_reg_53" are corrected to match the netlist.
**WARN: (IMPSC-1138):	In scan chain "chain1_sub0" DEF ordered section, buffers or logics following scan instance "U24_reg_70" are corrected to match the netlist.
**WARN: (IMPSC-1138):	In scan chain "chain1_sub0" DEF ordered section, buffers or logics following scan instance "tiki_U126_reg_5" are corrected to match the netlist.
**WARN: (IMPSC-1138):	In scan chain "chain1_sub0" DEF ordered section, buffers or logics following scan instance "U24_reg_80" are corrected to match the netlist.
**WARN: (IMPSC-1138):	In scan chain "chain1_sub0" DEF ordered section, buffers or logics following scan instance "tiki_U37_reg_63" are corrected to match the netlist.
**WARN: (IMPSC-1138):	In scan chain "chain1_sub0" DEF ordered section, buffers or logics following scan instance "U32_reg_193" are corrected to match the netlist.
**WARN: (IMPSC-1138):	In scan chain "chain1_sub0" DEF ordered section, buffers or logics following scan instance "storm_U1_reg_182" are corrected to match the netlist.
**WARN: (IMPSC-1138):	In scan chain "chain1_sub0" DEF ordered section, buffers or logics following scan instance "tiki_U37_reg_131" are corrected to match the netlist.
**WARN: (IMPSC-1138):	In scan chain "chain1_sub0" DEF ordered section, buffers or logics following scan instance "U24_reg_56" are corrected to match the netlist.
**WARN: (IMPSC-1138):	In scan chain "chain1_sub0" DEF ordered section, buffers or logics following scan instance "tiki_U37_reg_161" are corrected to match the netlist.
**WARN: (IMPSC-1138):	In scan chain "chain1_sub0" DEF ordered section, buffers or logics following scan instance "U32_reg_188" are corrected to match the netlist.
**WARN: (IMPSC-1138):	In scan chain "chain1_sub0" DEF ordered section, buffers or logics following scan instance "U19_reg_79" are corrected to match the netlist.
**WARN: (IMPSC-1138):	In scan chain "chain1_sub0" DEF ordered section, buffers or logics following scan instance "storm_U1_reg_12" are corrected to match the netlist.
**WARN: (IMPSC-1138):	In scan chain "chain2_sub0" DEF ordered section, buffers or logics following scan instance "U24_reg_36" are corrected to match the netlist.
**WARN: (EMS-62):	Message <IMPSC-1138> has exceeded the default message display limit of 20.
To avoid this warning, increase the display limit per unique message by
using the set_message -limit <number> command.
The message limit can be removed by using the set_message -no_limit command.
Note that setting a very large number using the set_message -limit command
or removing the message limit using the set_message -no_limit command can
significantly increase the log file size.
To suppress a message, use the set_message -suppress command.
Successfully applied all DEF ordered sections.
*** Scan Sanity Check Summary:
*** 75 scan chains passed sanity check.
save out the reporting file "scanChain.rpt"
Loading  (momal)
Traverse HInst (momal)

--------------------------------------------------------------------------------
Exiting Tempus Timing Signoff Solution on Fri Apr  4 16:20:25 2025
  Total CPU time:     0:01:20
  Total real time:    0:04:28
  Peak memory (main): 1607.59MB


*** Memory Usage v#1 (Current mem = 1762.914M, initial mem = 299.730M) ***

*** Summary of all messages that are not suppressed in this session:
Severity  ID               Count  Summary                                  
WARNING   IMPDF-64             1  UnitsPerDBU is not unity (you may have r...
WARNING   IMPVL-159          268  Pin '%s' of cell '%s' is defined in LEF ...
WARNING   IMPSC-1138         483  In scan chain "%s" DEF ordered section, ...
*** Message Summary: 752 warning(s), 0 error(s)

--- Ending "Tempus Timing Signoff Solution" (totcpu=0:01:21, real=0:04:26, mem=1762.9M) ---
